SDULens/Library/Bee/Android/Prj/IL2CPP/Gradle/unityLibrary/build/intermediates/manifest_merge_blame_file/release/manifest-merger-blame-release-report.txt
1<?xml version="1.0" encoding="utf-8"?>
2<manifest xmlns:android="http://schemas.android.com/apk/res/android"
3    xmlns:tools="http://schemas.android.com/tools"
4    package="com.unity3d.player" >
5
6    <uses-sdk
7        android:minSdkVersion="26"
7-->src\main\AndroidManifest.xml
8        android:targetSdkVersion="33" />
8-->src\main\AndroidManifest.xml
9
10    <uses-permission android:name="android.permission.INTERNET" />
10-->src\main\AndroidManifest.xml:3:3-65
10-->src\main\AndroidManifest.xml:3:20-62
11    <uses-permission android:name="android.permission.ACCESS_NETWORK_STATE" />
11-->src\main\AndroidManifest.xml:4:3-77
11-->src\main\AndroidManifest.xml:4:20-74
12    <uses-permission android:name="android.permission.CAMERA" />
12-->src\main\AndroidManifest.xml:5:3-63
12-->src\main\AndroidManifest.xml:5:20-60
13
14    <uses-feature
14-->src\main\AndroidManifest.xml:6:3-90
15        android:name="android.hardware.vulkan.version"
15-->src\main\AndroidManifest.xml:6:17-63
16        android:required="true" />
16-->src\main\AndroidManifest.xml:6:64-87
17    <uses-feature
17-->src\main\AndroidManifest.xml:7:3-83
18        android:name="android.hardware.camera"
18-->src\main\AndroidManifest.xml:7:17-55
19        android:required="false" />
19-->src\main\AndroidManifest.xml:7:56-80
20    <uses-feature
20-->src\main\AndroidManifest.xml:8:3-93
21        android:name="android.hardware.camera.autofocus"
21-->src\main\AndroidManifest.xml:8:17-65
22        android:required="false" />
22-->src\main\AndroidManifest.xml:8:66-90
23    <uses-feature
23-->src\main\AndroidManifest.xml:9:3-89
24        android:name="android.hardware.camera.front"
24-->src\main\AndroidManifest.xml:9:17-61
25        android:required="false" />
25-->src\main\AndroidManifest.xml:9:62-86
26    <uses-feature
26-->src\main\AndroidManifest.xml:10:3-88
27        android:name="android.hardware.touchscreen"
27-->src\main\AndroidManifest.xml:10:17-60
28        android:required="false" />
28-->src\main\AndroidManifest.xml:10:61-85
29    <uses-feature
29-->src\main\AndroidManifest.xml:11:3-99
30        android:name="android.hardware.touchscreen.multitouch"
30-->src\main\AndroidManifest.xml:11:17-71
31        android:required="false" />
31-->src\main\AndroidManifest.xml:11:72-96
32    <uses-feature
32-->src\main\AndroidManifest.xml:12:3-108
33        android:name="android.hardware.touchscreen.multitouch.distinct"
33-->src\main\AndroidManifest.xml:12:17-80
34        android:required="false" />
34-->src\main\AndroidManifest.xml:12:81-105
35
36    <application android:extractNativeLibs="true" >
36-->src\main\AndroidManifest.xml:13:3-29:17
36-->src\main\AndroidManifest.xml:13:16-48
37        <meta-data
37-->src\main\AndroidManifest.xml:14:5-69
38            android:name="unity.splash-mode"
38-->src\main\AndroidManifest.xml:14:16-48
39            android:value="0" />
39-->src\main\AndroidManifest.xml:14:49-66
40        <meta-data
40-->src\main\AndroidManifest.xml:15:5-74
41            android:name="unity.splash-enable"
41-->src\main\AndroidManifest.xml:15:16-50
42            android:value="True" />
42-->src\main\AndroidManifest.xml:15:51-71
43        <meta-data
43-->src\main\AndroidManifest.xml:16:5-78
44            android:name="unity.launch-fullscreen"
44-->src\main\AndroidManifest.xml:16:16-54
45            android:value="True" />
45-->src\main\AndroidManifest.xml:16:55-75
46        <meta-data
46-->src\main\AndroidManifest.xml:17:5-81
47            android:name="notch.config"
47-->src\main\AndroidManifest.xml:17:16-43
48            android:value="portrait|landscape" />
48-->src\main\AndroidManifest.xml:17:44-78
49        <meta-data
49-->src\main\AndroidManifest.xml:18:5-84
50            android:name="unity.auto-report-fully-drawn"
50-->src\main\AndroidManifest.xml:18:16-60
51            android:value="true" />
51-->src\main\AndroidManifest.xml:18:61-81
52        <meta-data
52-->src\main\AndroidManifest.xml:19:5-78
53            android:name="unity.strip-engine-code"
53-->src\main\AndroidManifest.xml:19:16-54
54            android:value="true" />
54-->src\main\AndroidManifest.xml:19:55-75
55
56        <activity
56-->src\main\AndroidManifest.xml:20:5-27:16
57            android:name="com.unity3d.player.UnityPlayerActivity"
57-->src\main\AndroidManifest.xml:20:312-365
58            android:configChanges="mcc|mnc|locale|touchscreen|keyboard|keyboardHidden|navigation|orientation|screenLayout|uiMode|screenSize|smallestScreenSize|fontScale|layoutDirection|density"
58-->src\main\AndroidManifest.xml:20:15-196
59            android:enabled="true"
59-->src\main\AndroidManifest.xml:20:197-219
60            android:exported="true"
60-->src\main\AndroidManifest.xml:20:220-243
61            android:hardwareAccelerated="false"
61-->src\main\AndroidManifest.xml:20:244-279
62            android:launchMode="singleTask"
62-->src\main\AndroidManifest.xml:20:280-311
63            android:resizeableActivity="false"
63-->src\main\AndroidManifest.xml:20:366-400
64            android:screenOrientation="portrait"
64-->src\main\AndroidManifest.xml:20:401-437
65            android:theme="@style/UnityThemeSelector" >
65-->src\main\AndroidManifest.xml:20:438-479
66            <intent-filter>
66-->src\main\AndroidManifest.xml:21:7-24:23
67                <category android:name="android.intent.category.LAUNCHER" />
67-->src\main\AndroidManifest.xml:22:9-69
67-->src\main\AndroidManifest.xml:22:19-66
68
69                <action android:name="android.intent.action.MAIN" />
69-->src\main\AndroidManifest.xml:23:9-61
69-->src\main\AndroidManifest.xml:23:17-58
70            </intent-filter>
71
72            <meta-data
72-->src\main\AndroidManifest.xml:25:7-82
73                android:name="unityplayer.UnityActivity"
73-->src\main\AndroidManifest.xml:25:18-58
74                android:value="true" />
74-->src\main\AndroidManifest.xml:25:59-79
75            <meta-data
75-->src\main\AndroidManifest.xml:26:7-70
76                android:name="notch_support"
76-->src\main\AndroidManifest.xml:26:18-46
77                android:value="true" />
77-->src\main\AndroidManifest.xml:26:47-67
78        </activity>
79
80        <meta-data
80-->src\main\AndroidManifest.xml:28:5-77
81            android:name="com.google.ar.core"
81-->src\main\AndroidManifest.xml:28:16-49
82            android:value="optional" />
82-->src\main\AndroidManifest.xml:28:50-74
83    </application>
84
85</manifest>